c:\users\zuza\desktop\temp\japrojekt\cdll\x64\release\cdll.pch
c:\users\zuza\desktop\temp\japrojekt\cdll\x64\release\vc143.pdb
c:\users\zuza\desktop\temp\japrojekt\cdll\x64\release\pch.obj
c:\users\zuza\desktop\temp\japrojekt\cdll\x64\release\dllmain.obj
c:\users\zuza\desktop\temp\japrojekt\cdll\x64\release\cfunkcja.obj
c:\users\zuza\desktop\temp\japrojekt\x64\release\cdll.dll
c:\users\zuza\desktop\temp\japrojekt\x64\release\cdll.pdb
c:\users\zuza\desktop\temp\japrojekt\x64\release\cdll.lib
c:\users\zuza\desktop\temp\japrojekt\x64\release\cdll.exp
c:\users\zuza\desktop\temp\japrojekt\cdll\x64\release\cdll.ipdb
c:\users\zuza\desktop\temp\japrojekt\cdll\x64\release\cdll.iobj
c:\users\zuza\desktop\japrojekt\cdll\x64\release\cfunkcja.obj
c:\users\zuza\desktop\japrojekt\cdll\x64\release\dllmain.obj
c:\users\zuza\desktop\japrojekt\cdll\x64\release\pch.obj
c:\users\zuza\desktop\japrojekt\cdll\x64\release\cdll.ipdb
c:\users\zuza\desktop\japrojekt\cdll\x64\release\cdll.iobj
c:\users\zuza\desktop\japrojekt\cdll\x64\release\cdll.pch
c:\users\zuza\desktop\japrojekt\cdll\x64\release\vc143.pdb
c:\users\zuza\desktop\japrojekt\x64\release\cdll.pdb
c:\users\zuza\desktop\japrojekt\x64\release\cdll.dll
c:\users\zuza\desktop\japrojekt\cdll\x64\release\cdll.tlog\cl.command.1.tlog
c:\users\zuza\desktop\japrojekt\cdll\x64\release\cdll.tlog\cl.items.tlog
c:\users\zuza\desktop\japrojekt\cdll\x64\release\cdll.tlog\cl.read.1.tlog
c:\users\zuza\desktop\japrojekt\cdll\x64\release\cdll.tlog\cl.write.1.tlog
c:\users\zuza\desktop\japrojekt\cdll\x64\release\cdll.tlog\link.command.1.tlog
c:\users\zuza\desktop\japrojekt\cdll\x64\release\cdll.tlog\link.read.1.tlog
c:\users\zuza\desktop\japrojekt\cdll\x64\release\cdll.tlog\link.secondary.1.tlog
c:\users\zuza\desktop\japrojekt\cdll\x64\release\cdll.tlog\link.write.1.tlog
