c:\users\kramp\onedrive\pulpit\ja\japrojektgui\cdll\x64\debug\cdll.pch
c:\users\kramp\onedrive\pulpit\ja\japrojektgui\cdll\x64\debug\vc143.pdb
c:\users\kramp\onedrive\pulpit\ja\japrojektgui\cdll\x64\debug\vc143.idb
c:\users\kramp\onedrive\pulpit\ja\japrojektgui\cdll\x64\debug\pch.obj
c:\users\kramp\onedrive\pulpit\ja\japrojektgui\cdll\x64\debug\dllmain.obj
c:\users\kramp\onedrive\pulpit\ja\japrojektgui\cdll\x64\debug\cfunkcja.obj
c:\users\kramp\onedrive\pulpit\ja\japrojektgui\japrojektgui\bin\x64\debug\net9.0-windows\cdll.dll
c:\users\kramp\onedrive\pulpit\ja\japrojektgui\japrojektgui\bin\x64\debug\net9.0-windows\cdll.pdb
c:\users\kramp\onedrive\pulpit\ja\japrojektgui\japrojektgui\bin\x64\debug\net9.0-windows\cdll.lib
c:\users\kramp\onedrive\pulpit\ja\japrojektgui\japrojektgui\bin\x64\debug\net9.0-windows\cdll.exp
c:\users\kramp\onedrive\pulpit\ja\japrojektgui\cdll\x64\debug\cdll.ilk
c:\users\zuza\desktop\ja\japrojektgui\cdll\x64\debug\cfunkcja.obj
c:\users\zuza\desktop\ja\japrojektgui\cdll\x64\debug\dllmain.obj
c:\users\zuza\desktop\ja\japrojektgui\cdll\x64\debug\pch.obj
c:\users\zuza\desktop\ja\japrojektgui\cdll\x64\debug\cdll.ilk
c:\users\zuza\desktop\ja\japrojektgui\cdll\x64\debug\cdll.pch
c:\users\zuza\desktop\ja\japrojektgui\cdll\x64\debug\vc143.idb
c:\users\zuza\desktop\ja\japrojektgui\cdll\x64\debug\vc143.pdb
c:\users\zuza\desktop\ja\japrojektgui\japrojektgui\bin\x64\debug\net9.0-windows\cdll.pdb
c:\users\zuza\desktop\ja\japrojektgui\japrojektgui\bin\x64\debug\net9.0-windows\cdll.dll
c:\users\zuza\desktop\ja\japrojektgui\cdll\x64\debug\cdll.tlog\cl.command.1.tlog
c:\users\zuza\desktop\ja\japrojektgui\cdll\x64\debug\cdll.tlog\cl.items.tlog
c:\users\zuza\desktop\ja\japrojektgui\cdll\x64\debug\cdll.tlog\cl.read.1.tlog
c:\users\zuza\desktop\ja\japrojektgui\cdll\x64\debug\cdll.tlog\cl.write.1.tlog
c:\users\zuza\desktop\ja\japrojektgui\cdll\x64\debug\cdll.tlog\link.command.1.tlog
c:\users\zuza\desktop\ja\japrojektgui\cdll\x64\debug\cdll.tlog\link.read.1.tlog
c:\users\zuza\desktop\ja\japrojektgui\cdll\x64\debug\cdll.tlog\link.secondary.1.tlog
c:\users\zuza\desktop\ja\japrojektgui\cdll\x64\debug\cdll.tlog\link.write.1.tlog
